0 info it worked if it ends with ok
1 verbose cli [ 'C:\\Program Files\\nodejs\\node.exe',
1 verbose cli   'C:\\Users\\j\\AppData\\Roaming\\npm\\node_modules\\npm\\bin\\npm-cli.js',
1 verbose cli   'run',
1 verbose cli   'dev' ]
2 info using npm@3.10.5
3 info using node@v8.9.4
4 verbose run-script [ 'predev', 'dev', 'postdev' ]
5 info lifecycle react-ssr@1.0.0~predev: react-ssr@1.0.0
6 silly lifecycle react-ssr@1.0.0~predev: no script for predev, continuing
7 info lifecycle react-ssr@1.0.0~dev: react-ssr@1.0.0
8 verbose lifecycle react-ssr@1.0.0~dev: unsafe-perm in lifecycle true
9 verbose lifecycle react-ssr@1.0.0~dev: PATH: C:\Users\j\AppData\Roaming\npm\node_modules\npm\bin\node-gyp-bin;H:\Dropbox\遊戲\作業\S8\Server Side Rendering with React and Redux\server\node_modules\.bin;C:\Program Files\nodejs;C:\Users\j\bin;C:\Program Files\Git\mingw64\bin;C:\Program Files\Git\usr\local\bin;C:\Program Files\Git\usr\bin;C:\Program Files\Git\usr\bin;C:\Program Files\Git\mingw64\bin;C:\Program Files\Git\usr\bin;C:\Users\j\bin;C:\Python\Python37\Scripts;C:\Python\Python37;C:\ProgramData\Oracle\Java\javapath;C:\MinGW\bin;C:\MinGW\libexec\gcc\x86_64-pc-mingw32\5.2.0;C:\Program Files (x86)\Razer Chroma SDK\bin;C:\Program Files\Razer Chroma SDK\bin;C:\Program Files (x86)\NVIDIA Corporation\PhysX\Common;C:\Program Files\Apache Software Foundation\apache-maven-3.3.3\bin;C:\Program Files\TortoiseHg;C:\Program Files\Java\jdk1.7.0_79\bin;C:\Program Files (x86)\Microsoft SQL Server\100\Tools\Binn;C:\Program Files\Microsoft SQL Server\100\Tools\Binn;C:\Program Files\Microsoft SQL Server\100\DTS\Binn;H:\putty;C:\Program Files\MongoDB\Server\3.0\bin;C:\WINDOWS\system32;C:\WINDOWS;C:\WINDOWS\System32\Wbem;C:\WINDOWS\System32\WindowsPowerShell\v1.0;H:\ailab1;C:\Program Files\SlikSvn\bin;C:\Program Files\CMake\bin;C:\Program Files\Microsoft SQL Server\130\Tools\Binn;C:\Program Files (x86)\Skype\Phone;C:\Program Files\MongoDB\Server\3.4\bin;C:\Program Files\Git\cmd;C:\Program Files\Git\mingw64\bin;C:\Program Files\Git\usr\bin;C:\Program Files\nodejs;C:\Program Files\dotnet;C:\Program Files (x86)\Windows Kits\10\Windows Performance Toolkit;C:\Program Files\Apache Software Foundation\apache-maven-3.3.3\bin;C:\MinGW\bin;H:\putty;H:\Program Files\SSH Communications Security\SSH Secure Shell;C:\Users\j\AppData\Local\Microsoft\WindowsApps;C:\Program Files\Microsoft VS Code\bin;C:\Program Files\Heroku\bin;C:\Users\j\AppData\Roaming\npm;C:\Python27;C:\Users\j\AppData\Local\Android\sdk\platform-tools;C:\Program Files\Bandizip;C:\Program Files\Git\usr\bin\vendor_perl;C:\Program Files\Git\usr\bin\core_perl
10 verbose lifecycle react-ssr@1.0.0~dev: CWD: H:\Dropbox\遊戲\作業\S8\Server Side Rendering with React and Redux\server
11 silly lifecycle react-ssr@1.0.0~dev: Args: [ '/d /s /c', 'npm-run-all --parallel dev:*' ]
12 silly lifecycle react-ssr@1.0.0~dev: Returned: code: 1  signal: null
13 info lifecycle react-ssr@1.0.0~dev: Failed to exec dev script
14 verbose stack Error: react-ssr@1.0.0 dev: `npm-run-all --parallel dev:*`
14 verbose stack Exit status 1
14 verbose stack     at EventEmitter.<anonymous> (C:\Users\j\AppData\Roaming\npm\node_modules\npm\lib\utils\lifecycle.js:242:16)
14 verbose stack     at emitTwo (events.js:126:13)
14 verbose stack     at EventEmitter.emit (events.js:214:7)
14 verbose stack     at ChildProcess.<anonymous> (C:\Users\j\AppData\Roaming\npm\node_modules\npm\lib\utils\spawn.js:40:14)
14 verbose stack     at emitTwo (events.js:126:13)
14 verbose stack     at ChildProcess.emit (events.js:214:7)
14 verbose stack     at maybeClose (internal/child_process.js:925:16)
14 verbose stack     at Process.ChildProcess._handle.onexit (internal/child_process.js:209:5)
15 verbose pkgid react-ssr@1.0.0
16 verbose cwd H:\Dropbox\遊戲\作業\S8\Server Side Rendering with React and Redux\server
17 error Windows_NT 10.0.16299
18 error argv "C:\\Program Files\\nodejs\\node.exe" "C:\\Users\\j\\AppData\\Roaming\\npm\\node_modules\\npm\\bin\\npm-cli.js" "run" "dev"
19 error node v8.9.4
20 error npm  v3.10.5
21 error code ELIFECYCLE
22 error react-ssr@1.0.0 dev: `npm-run-all --parallel dev:*`
22 error Exit status 1
23 error Failed at the react-ssr@1.0.0 dev script 'npm-run-all --parallel dev:*'.
23 error Make sure you have the latest version of node.js and npm installed.
23 error If you do, this is most likely a problem with the react-ssr package,
23 error not with npm itself.
23 error Tell the author that this fails on your system:
23 error     npm-run-all --parallel dev:*
23 error You can get information on how to open an issue for this project with:
23 error     npm bugs react-ssr
23 error Or if that isn't available, you can get their info via:
23 error     npm owner ls react-ssr
23 error There is likely additional logging output above.
24 verbose exit [ 1, true ]
